<?xml version="1.0" encoding="UTF-8"?>
<testsuite xmlns:xsi="http://www.w3.org/2001/XMLSchema-instance" xsi:noNamespaceSchemaLocation="https://maven.apache.org/surefire/maven-surefire-plugin/xsd/surefire-test-report-3.0.xsd" version="3.0" name="br.com.alura.screenmatch.ScreenmatchApplicationTests" time="2.996" tests="1" errors="0" skipped="0" failures="0">
  <properties>
    <property name="java.specification.version" value="17"/>
    <property name="sun.jnu.encoding" value="UTF-8"/>
    <property name="java.class.path" value="/Users/cleber/Documents/Cleber/Projetos_Java/screenmatch-spring/target/test-classes:/Users/cleber/Documents/Cleber/Projetos_Java/screenmatch-spring/target/classes:/Users/cleber/.m2/repository/org/springframework/boot/spring-boot-starter/3.3.1/spring-boot-starter-3.3.1.jar:/Users/cleber/.m2/repository/org/springframework/boot/spring-boot/3.3.1/spring-boot-3.3.1.jar:/Users/cleber/.m2/repository/org/springframework/spring-context/6.1.10/spring-context-6.1.10.jar:/Users/cleber/.m2/repository/org/springframework/spring-aop/6.1.10/spring-aop-6.1.10.jar:/Users/cleber/.m2/repository/org/springframework/spring-beans/6.1.10/spring-beans-6.1.10.jar:/Users/cleber/.m2/repository/org/springframework/spring-expression/6.1.10/spring-expression-6.1.10.jar:/Users/cleber/.m2/repository/io/micrometer/micrometer-observation/1.13.1/micrometer-observation-1.13.1.jar:/Users/cleber/.m2/repository/io/micrometer/micrometer-commons/1.13.1/micrometer-commons-1.13.1.jar:/Users/cleber/.m2/repository/org/springframework/boot/spring-boot-autoconfigure/3.3.1/spring-boot-autoconfigure-3.3.1.jar:/Users/cleber/.m2/repository/org/springframework/boot/spring-boot-starter-logging/3.3.1/spring-boot-starter-logging-3.3.1.jar:/Users/cleber/.m2/repository/ch/qos/logback/logback-classic/1.5.6/logback-classic-1.5.6.jar:/Users/cleber/.m2/repository/ch/qos/logback/logback-core/1.5.6/logback-core-1.5.6.jar:/Users/cleber/.m2/repository/org/apache/logging/log4j/log4j-to-slf4j/2.23.1/log4j-to-slf4j-2.23.1.jar:/Users/cleber/.m2/repository/org/apache/logging/log4j/log4j-api/2.23.1/log4j-api-2.23.1.jar:/Users/cleber/.m2/repository/org/slf4j/jul-to-slf4j/2.0.13/jul-to-slf4j-2.0.13.jar:/Users/cleber/.m2/repository/jakarta/annotation/jakarta.annotation-api/2.1.1/jakarta.annotation-api-2.1.1.jar:/Users/cleber/.m2/repository/org/springframework/spring-core/6.1.10/spring-core-6.1.10.jar:/Users/cleber/.m2/repository/org/springframework/spring-jcl/6.1.10/spring-jcl-6.1.10.jar:/Users/cleber/.m2/repository/org/yaml/snakeyaml/2.2/snakeyaml-2.2.jar:/Users/cleber/.m2/repository/org/springframework/boot/spring-boot-starter-test/3.3.1/spring-boot-starter-test-3.3.1.jar:/Users/cleber/.m2/repository/org/springframework/boot/spring-boot-test/3.3.1/spring-boot-test-3.3.1.jar:/Users/cleber/.m2/repository/org/springframework/boot/spring-boot-test-autoconfigure/3.3.1/spring-boot-test-autoconfigure-3.3.1.jar:/Users/cleber/.m2/repository/com/jayway/jsonpath/json-path/2.9.0/json-path-2.9.0.jar:/Users/cleber/.m2/repository/org/slf4j/slf4j-api/2.0.13/slf4j-api-2.0.13.jar:/Users/cleber/.m2/repository/jakarta/xml/bind/jakarta.xml.bind-api/4.0.2/jakarta.xml.bind-api-4.0.2.jar:/Users/cleber/.m2/repository/jakarta/activation/jakarta.activation-api/2.1.3/jakarta.activation-api-2.1.3.jar:/Users/cleber/.m2/repository/net/minidev/json-smart/2.5.1/json-smart-2.5.1.jar:/Users/cleber/.m2/repository/net/minidev/accessors-smart/2.5.1/accessors-smart-2.5.1.jar:/Users/cleber/.m2/repository/org/ow2/asm/asm/9.6/asm-9.6.jar:/Users/cleber/.m2/repository/org/assertj/assertj-core/3.25.3/assertj-core-3.25.3.jar:/Users/cleber/.m2/repository/net/bytebuddy/byte-buddy/1.14.17/byte-buddy-1.14.17.jar:/Users/cleber/.m2/repository/org/awaitility/awaitility/4.2.1/awaitility-4.2.1.jar:/Users/cleber/.m2/repository/org/hamcrest/hamcrest/2.2/hamcrest-2.2.jar:/Users/cleber/.m2/repository/org/junit/jupiter/junit-jupiter/5.10.2/junit-jupiter-5.10.2.jar:/Users/cleber/.m2/repository/org/junit/jupiter/junit-jupiter-api/5.10.2/junit-jupiter-api-5.10.2.jar:/Users/cleber/.m2/repository/org/opentest4j/opentest4j/1.3.0/opentest4j-1.3.0.jar:/Users/cleber/.m2/repository/org/junit/platform/junit-platform-commons/1.10.2/junit-platform-commons-1.10.2.jar:/Users/cleber/.m2/repository/org/apiguardian/apiguardian-api/1.1.2/apiguardian-api-1.1.2.jar:/Users/cleber/.m2/repository/org/junit/jupiter/junit-jupiter-params/5.10.2/junit-jupiter-params-5.10.2.jar:/Users/cleber/.m2/repository/org/junit/jupiter/junit-jupiter-engine/5.10.2/junit-jupiter-engine-5.10.2.jar:/Users/cleber/.m2/repository/org/junit/platform/junit-platform-engine/1.10.2/junit-platform-engine-1.10.2.jar:/Users/cleber/.m2/repository/org/mockito/mockito-core/5.11.0/mockito-core-5.11.0.jar:/Users/cleber/.m2/repository/net/bytebuddy/byte-buddy-agent/1.14.17/byte-buddy-agent-1.14.17.jar:/Users/cleber/.m2/repository/org/objenesis/objenesis/3.3/objenesis-3.3.jar:/Users/cleber/.m2/repository/org/mockito/mockito-junit-jupiter/5.11.0/mockito-junit-jupiter-5.11.0.jar:/Users/cleber/.m2/repository/org/skyscreamer/jsonassert/1.5.1/jsonassert-1.5.1.jar:/Users/cleber/.m2/repository/com/vaadin/external/google/android-json/0.0.20131108.vaadin1/android-json-0.0.20131108.vaadin1.jar:/Users/cleber/.m2/repository/org/springframework/spring-test/6.1.10/spring-test-6.1.10.jar:/Users/cleber/.m2/repository/org/xmlunit/xmlunit-core/2.9.1/xmlunit-core-2.9.1.jar:/Users/cleber/.m2/repository/com/fasterxml/jackson/core/jackson-databind/2.17.1/jackson-databind-2.17.1.jar:/Users/cleber/.m2/repository/com/fasterxml/jackson/core/jackson-annotations/2.17.1/jackson-annotations-2.17.1.jar:/Users/cleber/.m2/repository/com/fasterxml/jackson/core/jackson-core/2.17.1/jackson-core-2.17.1.jar:"/>
    <property name="java.vm.vendor" value="Oracle Corporation"/>
    <property name="sun.arch.data.model" value="64"/>
    <property name="java.vendor.url" value="https://java.oracle.com/"/>
    <property name="user.timezone" value="America/Sao_Paulo"/>
    <property name="os.name" value="Mac OS X"/>
    <property name="java.vm.specification.version" value="17"/>
    <property name="sun.java.launcher" value="SUN_STANDARD"/>
    <property name="user.country" value="BR"/>
    <property name="sun.boot.library.path" value="/Library/Java/JavaVirtualMachines/jdk-17.jdk/Contents/Home/lib"/>
    <property name="sun.java.command" value="/Users/cleber/Documents/Cleber/Projetos_Java/screenmatch-spring/target/surefire/surefirebooter-20240701200859755_3.jar /Users/cleber/Documents/Cleber/Projetos_Java/screenmatch-spring/target/surefire 2024-07-01T20-08-58_770-jvmRun1 surefire-20240701200859755_1tmp surefire_0-20240701200859755_2tmp"/>
    <property name="http.nonProxyHosts" value="local|*.local|169.254/16|*.169.254/16"/>
    <property name="jdk.debug" value="release"/>
    <property name="surefire.test.class.path" value="/Users/cleber/Documents/Cleber/Projetos_Java/screenmatch-spring/target/test-classes:/Users/cleber/Documents/Cleber/Projetos_Java/screenmatch-spring/target/classes:/Users/cleber/.m2/repository/org/springframework/boot/spring-boot-starter/3.3.1/spring-boot-starter-3.3.1.jar:/Users/cleber/.m2/repository/org/springframework/boot/spring-boot/3.3.1/spring-boot-3.3.1.jar:/Users/cleber/.m2/repository/org/springframework/spring-context/6.1.10/spring-context-6.1.10.jar:/Users/cleber/.m2/repository/org/springframework/spring-aop/6.1.10/spring-aop-6.1.10.jar:/Users/cleber/.m2/repository/org/springframework/spring-beans/6.1.10/spring-beans-6.1.10.jar:/Users/cleber/.m2/repository/org/springframework/spring-expression/6.1.10/spring-expression-6.1.10.jar:/Users/cleber/.m2/repository/io/micrometer/micrometer-observation/1.13.1/micrometer-observation-1.13.1.jar:/Users/cleber/.m2/repository/io/micrometer/micrometer-commons/1.13.1/micrometer-commons-1.13.1.jar:/Users/cleber/.m2/repository/org/springframework/boot/spring-boot-autoconfigure/3.3.1/spring-boot-autoconfigure-3.3.1.jar:/Users/cleber/.m2/repository/org/springframework/boot/spring-boot-starter-logging/3.3.1/spring-boot-starter-logging-3.3.1.jar:/Users/cleber/.m2/repository/ch/qos/logback/logback-classic/1.5.6/logback-classic-1.5.6.jar:/Users/cleber/.m2/repository/ch/qos/logback/logback-core/1.5.6/logback-core-1.5.6.jar:/Users/cleber/.m2/repository/org/apache/logging/log4j/log4j-to-slf4j/2.23.1/log4j-to-slf4j-2.23.1.jar:/Users/cleber/.m2/repository/org/apache/logging/log4j/log4j-api/2.23.1/log4j-api-2.23.1.jar:/Users/cleber/.m2/repository/org/slf4j/jul-to-slf4j/2.0.13/jul-to-slf4j-2.0.13.jar:/Users/cleber/.m2/repository/jakarta/annotation/jakarta.annotation-api/2.1.1/jakarta.annotation-api-2.1.1.jar:/Users/cleber/.m2/repository/org/springframework/spring-core/6.1.10/spring-core-6.1.10.jar:/Users/cleber/.m2/repository/org/springframework/spring-jcl/6.1.10/spring-jcl-6.1.10.jar:/Users/cleber/.m2/repository/org/yaml/snakeyaml/2.2/snakeyaml-2.2.jar:/Users/cleber/.m2/repository/org/springframework/boot/spring-boot-starter-test/3.3.1/spring-boot-starter-test-3.3.1.jar:/Users/cleber/.m2/repository/org/springframework/boot/spring-boot-test/3.3.1/spring-boot-test-3.3.1.jar:/Users/cleber/.m2/repository/org/springframework/boot/spring-boot-test-autoconfigure/3.3.1/spring-boot-test-autoconfigure-3.3.1.jar:/Users/cleber/.m2/repository/com/jayway/jsonpath/json-path/2.9.0/json-path-2.9.0.jar:/Users/cleber/.m2/repository/org/slf4j/slf4j-api/2.0.13/slf4j-api-2.0.13.jar:/Users/cleber/.m2/repository/jakarta/xml/bind/jakarta.xml.bind-api/4.0.2/jakarta.xml.bind-api-4.0.2.jar:/Users/cleber/.m2/repository/jakarta/activation/jakarta.activation-api/2.1.3/jakarta.activation-api-2.1.3.jar:/Users/cleber/.m2/repository/net/minidev/json-smart/2.5.1/json-smart-2.5.1.jar:/Users/cleber/.m2/repository/net/minidev/accessors-smart/2.5.1/accessors-smart-2.5.1.jar:/Users/cleber/.m2/repository/org/ow2/asm/asm/9.6/asm-9.6.jar:/Users/cleber/.m2/repository/org/assertj/assertj-core/3.25.3/assertj-core-3.25.3.jar:/Users/cleber/.m2/repository/net/bytebuddy/byte-buddy/1.14.17/byte-buddy-1.14.17.jar:/Users/cleber/.m2/repository/org/awaitility/awaitility/4.2.1/awaitility-4.2.1.jar:/Users/cleber/.m2/repository/org/hamcrest/hamcrest/2.2/hamcrest-2.2.jar:/Users/cleber/.m2/repository/org/junit/jupiter/junit-jupiter/5.10.2/junit-jupiter-5.10.2.jar:/Users/cleber/.m2/repository/org/junit/jupiter/junit-jupiter-api/5.10.2/junit-jupiter-api-5.10.2.jar:/Users/cleber/.m2/repository/org/opentest4j/opentest4j/1.3.0/opentest4j-1.3.0.jar:/Users/cleber/.m2/repository/org/junit/platform/junit-platform-commons/1.10.2/junit-platform-commons-1.10.2.jar:/Users/cleber/.m2/repository/org/apiguardian/apiguardian-api/1.1.2/apiguardian-api-1.1.2.jar:/Users/cleber/.m2/repository/org/junit/jupiter/junit-jupiter-params/5.10.2/junit-jupiter-params-5.10.2.jar:/Users/cleber/.m2/repository/org/junit/jupiter/junit-jupiter-engine/5.10.2/junit-jupiter-engine-5.10.2.jar:/Users/cleber/.m2/repository/org/junit/platform/junit-platform-engine/1.10.2/junit-platform-engine-1.10.2.jar:/Users/cleber/.m2/repository/org/mockito/mockito-core/5.11.0/mockito-core-5.11.0.jar:/Users/cleber/.m2/repository/net/bytebuddy/byte-buddy-agent/1.14.17/byte-buddy-agent-1.14.17.jar:/Users/cleber/.m2/repository/org/objenesis/objenesis/3.3/objenesis-3.3.jar:/Users/cleber/.m2/repository/org/mockito/mockito-junit-jupiter/5.11.0/mockito-junit-jupiter-5.11.0.jar:/Users/cleber/.m2/repository/org/skyscreamer/jsonassert/1.5.1/jsonassert-1.5.1.jar:/Users/cleber/.m2/repository/com/vaadin/external/google/android-json/0.0.20131108.vaadin1/android-json-0.0.20131108.vaadin1.jar:/Users/cleber/.m2/repository/org/springframework/spring-test/6.1.10/spring-test-6.1.10.jar:/Users/cleber/.m2/repository/org/xmlunit/xmlunit-core/2.9.1/xmlunit-core-2.9.1.jar:/Users/cleber/.m2/repository/com/fasterxml/jackson/core/jackson-databind/2.17.1/jackson-databind-2.17.1.jar:/Users/cleber/.m2/repository/com/fasterxml/jackson/core/jackson-annotations/2.17.1/jackson-annotations-2.17.1.jar:/Users/cleber/.m2/repository/com/fasterxml/jackson/core/jackson-core/2.17.1/jackson-core-2.17.1.jar:"/>
    <property name="sun.cpu.endian" value="little"/>
    <property name="user.home" value="/Users/cleber"/>
    <property name="user.language" value="pt"/>
    <property name="java.specification.vendor" value="Oracle Corporation"/>
    <property name="java.version.date" value="2024-04-16"/>
    <property name="java.home" value="/Library/Java/JavaVirtualMachines/jdk-17.jdk/Contents/Home"/>
    <property name="file.separator" value="/"/>
    <property name="basedir" value="/Users/cleber/Documents/Cleber/Projetos_Java/screenmatch-spring"/>
    <property name="java.vm.compressedOopsMode" value="Zero based"/>
    <property name="line.separator" value="&#10;"/>
    <property name="java.vm.specification.vendor" value="Oracle Corporation"/>
    <property name="java.specification.name" value="Java Platform API Specification"/>
    <property name="FILE_LOG_CHARSET" value="UTF-8"/>
    <property name="java.awt.headless" value="true"/>
    <property name="surefire.real.class.path" value="/Users/cleber/Documents/Cleber/Projetos_Java/screenmatch-spring/target/surefire/surefirebooter-20240701200859755_3.jar"/>
    <property name="sun.management.compiler" value="HotSpot 64-Bit Tiered Compilers"/>
    <property name="ftp.nonProxyHosts" value="local|*.local|169.254/16|*.169.254/16"/>
    <property name="java.runtime.version" value="17.0.11+7-LTS-207"/>
    <property name="user.name" value="cleber"/>
    <property name="path.separator" value=":"/>
    <property name="os.version" value="14.5"/>
    <property name="java.runtime.name" value="Java(TM) SE Runtime Environment"/>
    <property name="file.encoding" value="UTF-8"/>
    <property name="java.vm.name" value="Java HotSpot(TM) 64-Bit Server VM"/>
    <property name="localRepository" value="/Users/cleber/.m2/repository"/>
    <property name="java.vendor.url.bug" value="https://bugreport.java.com/bugreport/"/>
    <property name="java.io.tmpdir" value="/var/folders/zc/2x091nms4h70td5bfhqp5v9h0000gn/T/"/>
    <property name="idea.version" value="2024.1"/>
    <property name="java.version" value="17.0.11"/>
    <property name="user.dir" value="/Users/cleber/Documents/Cleber/Projetos_Java/screenmatch-spring"/>
    <property name="os.arch" value="aarch64"/>
    <property name="java.vm.specification.name" value="Java Virtual Machine Specification"/>
    <property name="PID" value="1577"/>
    <property name="CONSOLE_LOG_CHARSET" value="UTF-8"/>
    <property name="native.encoding" value="UTF-8"/>
    <property name="java.library.path" value="/Users/cleber/Library/Java/Extensions:/Library/Java/Extensions:/Network/Library/Java/Extensions:/System/Library/Java/Extensions:/usr/lib/java:."/>
    <property name="java.vm.info" value="mixed mode, sharing"/>
    <property name="java.vendor" value="Oracle Corporation"/>
    <property name="java.vm.version" value="17.0.11+7-LTS-207"/>
    <property name="sun.io.unicode.encoding" value="UnicodeBig"/>
    <property name="socksNonProxyHosts" value="local|*.local|169.254/16|*.169.254/16"/>
    <property name="java.class.version" value="61.0"/>
    <property name="LOGGED_APPLICATION_NAME" value="[screenmatch] "/>
  </properties>
  <testcase name="contextLoads" classname="br.com.alura.screenmatch.ScreenmatchApplicationTests" time="0.441">
    <system-out><![CDATA[20:09:00.114 [main] INFO org.springframework.test.context.support.AnnotationConfigContextLoaderUtils -- Could not detect default configuration classes for test class [br.com.alura.screenmatch.ScreenmatchApplicationTests]: ScreenmatchApplicationTests does not declare any static, non-private, non-final, nested classes annotated with @Configuration.
20:09:00.155 [main] INFO org.springframework.boot.test.context.SpringBootTestContextBootstrapper -- Found @SpringBootConfiguration br.com.alura.screenmatch.ScreenmatchApplication for test class br.com.alura.screenmatch.ScreenmatchApplicationTests

  .   ____          _            __ _ _
 /\\ / ___'_ __ _ _(_)_ __  __ _ \ \ \ \
( ( )\___ | '_ | '_| | '_ \/ _` | \ \ \ \
 \\/  ___)| |_)| | | | | || (_| |  ) ) ) )
  '  |____| .__|_| |_|_| |_\__, | / / / /
 =========|_|==============|___/=/_/_/_/

 :: Spring Boot ::                (v3.3.1)

2024-07-01T20:09:00.302-03:00  INFO 1577 --- [screenmatch] [           main] b.c.a.s.ScreenmatchApplicationTests      : Starting ScreenmatchApplicationTests using Java 17.0.11 with PID 1577 (started by cleber in /Users/cleber/Documents/Cleber/Projetos_Java/screenmatch-spring)
2024-07-01T20:09:00.303-03:00  INFO 1577 --- [screenmatch] [           main] b.c.a.s.ScreenmatchApplicationTests      : No active profile set, falling back to 1 default profile: "default"
2024-07-01T20:09:00.513-03:00  INFO 1577 --- [screenmatch] [           main] b.c.a.s.ScreenmatchApplicationTests      : Started ScreenmatchApplicationTests in 0.31 seconds (process running for 0.69)
Retorno - API OMDB
{"Title":"Gilmore Girls","Year":"2000–2007","Rated":"TV-PG","Released":"05 Oct 2000","Runtime":"57S min","Genre":"Comedy, Drama","Director":"N/A","Writer":"Amy Sherman-Palladino","Actors":"Lauren Graham, Alexis Bledel, Keiko Agena","Plot":"A dramedy centering around the relationship between a thirtysomething single mother and her teen daughter living in Stars Hollow, Connecticut.","Language":"English","Country":"United States","Awards":"Won 1 Primetime Emmy. 23 wins & 85 nominations total","Poster":"https://m.media-amazon.com/images/M/MV5BMTQ3NDA1ZWYtYjBmMC00NmJjLWI1NjgtYjg2NDhmMTY2YWQ4XkEyXkFqcGdeQXVyNzA5NjUyNjM@._V1_SX300.jpg","Ratings":[{"Source":"Internet Movie Database","Value":"8.2/10"}],"Metascore":"N/A","imdbRating":"8.2","imdbVotes":"149,547","imdbID":"tt0238784","Type":"series","totalSeasons":"7","Response":"True"}
Retorno - API Github
{"login":"cleber-campos","id":167529811,"node_id":"U_kgDOCfxNUw","avatar_url":"https://avatars.githubusercontent.com/u/167529811?v=4","gravatar_id":"","url":"https://api.github.com/users/cleber-campos","html_url":"https://github.com/cleber-campos","followers_url":"https://api.github.com/users/cleber-campos/followers","following_url":"https://api.github.com/users/cleber-campos/following{/other_user}","gists_url":"https://api.github.com/users/cleber-campos/gists{/gist_id}","starred_url":"https://api.github.com/users/cleber-campos/starred{/owner}{/repo}","subscriptions_url":"https://api.github.com/users/cleber-campos/subscriptions","organizations_url":"https://api.github.com/users/cleber-campos/orgs","repos_url":"https://api.github.com/users/cleber-campos/repos","events_url":"https://api.github.com/users/cleber-campos/events{/privacy}","received_events_url":"https://api.github.com/users/cleber-campos/received_events","type":"User","site_admin":false,"name":"Cleber Campos","company":"teste SA","blog":"","location":"São Paulo","email":null,"hireable":null,"bio":null,"twitter_username":null,"public_repos":0,"public_gists":0,"followers":0,"following":0,"created_at":"2024-04-19T11:18:48Z","updated_at":"2024-06-29T16:52:22Z"}
Retorno - API Imagem Cafe
{
  "file": "https://coffee.alexflipnote.dev/QIOwV7psov8_coffee.png"
}
]]></system-out>
  </testcase>
</testsuite>